2023-04-10 20:12:04 INFO:配置文件读取完毕
2023-04-10 20:12:11 INFO:api测试正常
2023-04-10 20:12:11 INFO:账号: 13465607391  开始执行========================================
2023-04-10 20:12:15 INFO:登录成功
2023-04-10 20:12:19 INFO:签到成功
2023-04-10 20:12:22 INFO:获取用户详情成功
2023-04-10 20:12:32 INFO:用户:gibaoxi  第1次打卡成功,即将休眠10秒
2023-04-10 20:12:47 INFO:获取用户详情成功
2023-04-10 20:13:17 INFO:用户:gibaoxi  第2次打卡成功,即将休眠10秒
2023-04-10 20:14:34 INFO:获取用户详情成功
2023-04-10 20:14:35 ERROR:用户任务执行中断,请检查账号密码是否正确========================================
2023-04-11 12:46:24 INFO:配置文件读取完毕
2023-04-11 12:47:25 INFO:配置文件读取完毕
2023-04-11 12:48:14 INFO:api测试正常
2023-04-11 12:48:14 INFO:账号: 13465607391  开始执行========================================
2023-04-11 12:49:00 INFO:登录成功
2023-04-11 12:49:24 INFO:签到成功
2023-04-11 12:49:48 INFO:获取用户详情成功
2023-04-11 12:50:57 INFO:用户:gibaoxi  第1次打卡成功,即将休眠10秒
2023-04-11 12:51:32 INFO:获取用户详情成功
2023-04-11 12:52:07 INFO:用户:gibaoxi  第2次打卡成功,即将休眠10秒
2023-04-11 12:53:23 INFO:获取用户详情成功
2023-04-11 12:53:23 ERROR:用户任务执行中断,请检查账号密码是否正确========================================
2023-04-12 13:13:14 INFO:配置文件读取完毕
2023-04-12 13:13:20 INFO:api测试正常
2023-04-12 13:13:20 INFO:账号: 13465607391  开始执行========================================
2023-04-12 13:13:23 ERROR:用户任务执行中断,请检查账号密码是否正确========================================
2023-04-12 13:14:38 INFO:配置文件读取完毕
2023-04-12 13:15:24 INFO:api测试正常
2023-04-12 13:15:24 INFO:账号: 13465607391  开始执行========================================
2023-04-12 13:16:09 ERROR:用户任务执行中断,请检查账号密码是否正确========================================
2023-06-01 21:08:54 INFO:配置文件读取完毕
2023-06-01 21:09:05 INFO:api测试正常
2023-06-01 21:09:05 INFO:账号: 13465607391  开始执行========================================
2023-06-01 21:09:09 ERROR:用户任务执行中断,请检查账号密码是否正确========================================
